Assembler report for final_project_top
<<<<<<< HEAD
Tue Apr 17 14:32:14 2018
Quartus II 64-Bit Version 15.0.0 Build 145 04/22/2015 Patches 0.01we SJ Web Edition
=======
Tue Apr 17 15:01:55 2018
Quartus II 64-Bit Version 15.0.0 Build 145 04/22/2015 SJ Web Edition
>>>>>>> edff88383ceed9bb0db1ca36f2602495d629b131


---------------------
; Table of Contents ;
---------------------
  1. Legal Notice
  2. Assembler Summary
  3. Assembler Settings
  4. Assembler Generated Files
<<<<<<< HEAD
  5. Assembler Device Options: C:/altera/15.0/Programs/385FinalProject/output_files/final_project_top.sof
=======
  5. Assembler Device Options: D:/ECE_385/final_project/output_files/final_project_top.sof
>>>>>>> edff88383ceed9bb0db1ca36f2602495d629b131
  6. Assembler Messages



----------------
; Legal Notice ;
----------------
Copyright (C) 1991-2015 Altera Corporation. All rights reserved.
Your use of Altera Corporation's design tools, logic functions 
and other software and tools, and its AMPP partner logic 
functions, and any output files from any of the foregoing 
(including device programming or simulation files), and any 
associated documentation or information are expressly subject 
to the terms and conditions of the Altera Program License 
Subscription Agreement, the Altera Quartus II License Agreement,
the Altera MegaCore Function License Agreement, or other 
applicable license agreement, including, without limitation, 
that your use is for the sole purpose of programming logic 
devices manufactured by Altera and sold by Altera or its 
authorized distributors.  Please refer to the applicable 
agreement for further details.



+---------------------------------------------------------------+
; Assembler Summary                                             ;
+-----------------------+---------------------------------------+
<<<<<<< HEAD
; Assembler Status      ; Successful - Tue Apr 17 14:32:14 2018 ;
=======
; Assembler Status      ; Successful - Tue Apr 17 15:01:55 2018 ;
>>>>>>> edff88383ceed9bb0db1ca36f2602495d629b131
; Revision Name         ; final_project_top                     ;
; Top-level Entity Name ; final_top_level                       ;
; Family                ; Cyclone IV E                          ;
; Device                ; EP4CE115F29C7                         ;
+-----------------------+---------------------------------------+


+----------------------------------+
; Assembler Settings               ;
+--------+---------+---------------+
; Option ; Setting ; Default Value ;
+--------+---------+---------------+


<<<<<<< HEAD
+----------------------------------------------------------------------------+
; Assembler Generated Files                                                  ;
+----------------------------------------------------------------------------+
; File Name                                                                  ;
+----------------------------------------------------------------------------+
; C:/altera/15.0/Programs/385FinalProject/output_files/final_project_top.sof ;
+----------------------------------------------------------------------------+


+------------------------------------------------------------------------------------------------------+
; Assembler Device Options: C:/altera/15.0/Programs/385FinalProject/output_files/final_project_top.sof ;
+----------------+-------------------------------------------------------------------------------------+
; Option         ; Setting                                                                             ;
+----------------+-------------------------------------------------------------------------------------+
; Device         ; EP4CE115F29C7                                                                       ;
; JTAG usercode  ; 0x00563C5F                                                                          ;
; Checksum       ; 0x00563C5F                                                                          ;
+----------------+-------------------------------------------------------------------------------------+
=======
+-------------------------------------------------------------+
; Assembler Generated Files                                   ;
+-------------------------------------------------------------+
; File Name                                                   ;
+-------------------------------------------------------------+
; D:/ECE_385/final_project/output_files/final_project_top.sof ;
+-------------------------------------------------------------+


+---------------------------------------------------------------------------------------+
; Assembler Device Options: D:/ECE_385/final_project/output_files/final_project_top.sof ;
+----------------+----------------------------------------------------------------------+
; Option         ; Setting                                                              ;
+----------------+----------------------------------------------------------------------+
; Device         ; EP4CE115F29C7                                                        ;
; JTAG usercode  ; 0x00563C5F                                                           ;
; Checksum       ; 0x00563C5F                                                           ;
+----------------+----------------------------------------------------------------------+
>>>>>>> edff88383ceed9bb0db1ca36f2602495d629b131


+--------------------+
; Assembler Messages ;
+--------------------+
Info: *******************************************************************
Info: Running Quartus II 64-Bit Assembler
<<<<<<< HEAD
    Info: Version 15.0.0 Build 145 04/22/2015 Patches 0.01we SJ Web Edition
    Info: Processing started: Tue Apr 17 14:32:07 2018
=======
    Info: Version 15.0.0 Build 145 04/22/2015 SJ Web Edition
    Info: Processing started: Tue Apr 17 15:01:50 2018
>>>>>>> edff88383ceed9bb0db1ca36f2602495d629b131
Info: Command: quartus_asm --read_settings_files=off --write_settings_files=off final_project -c final_project_top
Info (115031): Writing out detailed assembly data for power analysis
Info (115030): Assembler is generating device programming files
Info: Quartus II 64-Bit Assembler was successful. 0 errors, 0 warnings
<<<<<<< HEAD
    Info: Peak virtual memory: 682 megabytes
    Info: Processing ended: Tue Apr 17 14:32:14 2018
    Info: Elapsed time: 00:00:07
=======
    Info: Peak virtual memory: 666 megabytes
    Info: Processing ended: Tue Apr 17 15:01:55 2018
    Info: Elapsed time: 00:00:05
>>>>>>> edff88383ceed9bb0db1ca36f2602495d629b131
    Info: Total CPU time (on all processors): 00:00:05


